# JRE version: OpenJDK Runtime Environment (8.0_152-b02) (build 1.8.0_152-release-1024-b02)
# Java VM: OpenJDK 64-Bit Server VM (25.152-b02 mixed mode windows-amd64 compressed oops)
Heap:
 PSYoungGen      total 90624K, used 35324K [0x00000000e0000000, 0x00000000e6600000, 0x0000000100000000)
  eden space 78848K, 44% used [0x00000000e0000000,0x00000000e227f238,0x00000000e4d00000)
  from space 11776K, 0% used [0x00000000e5980000,0x00000000e5980000,0x00000000e6500000)
  to   space 12800K, 0% used [0x00000000e4d00000,0x00000000e4d00000,0x00000000e5980000)
 ParOldGen       total 65024K, used 16659K [0x00000000a0000000, 0x00000000a3f80000, 0x00000000e0000000)
  object space 65024K, 25% used [0x00000000a0000000,0x00000000a1044cf8,0x00000000a3f80000)
 Metaspace       used 37316K, capacity 38104K, committed 38272K, reserved 1083392K
  class space    used 4917K, capacity 5188K, committed 5248K, reserved 1048576K
GC Heap History (10 events):
Event: 6.794 GC heap before
{Heap before GC invocations=6 (full 1):
 PSYoungGen      total 38400K, used 33280K [0x00000000e0000000, 0x00000000e2a80000, 0x0000000100000000)
  eden space 33280K, 100% used [0x00000000e0000000,0x00000000e2080000,0x00000000e2080000)
  from space 5120K, 0% used [0x00000000e2580000,0x00000000e2580000,0x00000000e2a80000)
  to   space 5120K, 0% used [0x00000000e2080000,0x00000000e2080000,0x00000000e2580000)
 ParOldGen       total 65024K, used 9255K [0x00000000a0000000, 0x00000000a3f80000, 0x00000000e0000000)
  object space 65024K, 14% used [0x00000000a0000000,0x00000000a0909d40,0x00000000a3f80000)
 Metaspace       used 25521K, capacity 25974K, committed 26368K, reserved 1073152K
  class space    used 3314K, capacity 3472K, committed 3584K, reserved 1048576K
Event: 6.809 GC heap after
Heap after GC invocations=6 (full 1):
 PSYoungGen      total 38400K, used 4422K [0x00000000e0000000, 0x00000000e4800000, 0x0000000100000000)
  eden space 33280K, 0% used [0x00000000e0000000,0x00000000e0000000,0x00000000e2080000)
  from space 5120K, 86% used [0x00000000e2080000,0x00000000e24d1b18,0x00000000e2580000)
  to   space 11264K, 0% used [0x00000000e3d00000,0x00000000e3d00000,0x00000000e4800000)
 ParOldGen       total 65024K, used 9263K [0x00000000a0000000, 0x00000000a3f80000, 0x00000000e0000000)
  object space 65024K, 14% used [0x00000000a0000000,0x00000000a090bd40,0x00000000a3f80000)
 Metaspace       used 25521K, capacity 25974K, committed 26368K, reserved 1073152K
  class space    used 3314K, capacity 3472K, committed 3584K, reserved 1048576K
}
Event: 9.225 GC heap before
{Heap before GC invocations=7 (full 1):
 PSYoungGen      total 38400K, used 37557K [0x00000000e0000000, 0x00000000e4800000, 0x0000000100000000)
  eden space 33280K, 99% used [0x00000000e0000000,0x00000000e205b8f8,0x00000000e2080000)
  from space 5120K, 86% used [0x00000000e2080000,0x00000000e24d1b18,0x00000000e2580000)
  to   space 11264K, 0% used [0x00000000e3d00000,0x00000000e3d00000,0x00000000e4800000)
 ParOldGen       total 65024K, used 9263K [0x00000000a0000000, 0x00000000a3f80000, 0x00000000e0000000)
  object space 65024K, 14% used [0x00000000a0000000,0x00000000a090bd40,0x00000000a3f80000)
 Metaspace       used 27823K, capacity 28390K, committed 28672K, reserved 1075200K
  class space    used 3634K, capacity 3822K, committed 3840K, reserved 1048576K
Event: 9.263 GC heap after
Heap after GC invocations=7 (full 1):
 PSYoungGen      total 62976K, used 5735K [0x00000000e0000000, 0x00000000e4880000, 0x0000000100000000)
  eden space 51712K, 0% used [0x00000000e0000000,0x00000000e0000000,0x00000000e3280000)
  from space 11264K, 50% used [0x00000000e3d00000,0x00000000e4299e30,0x00000000e4800000)
  to   space 10752K, 0% used [0x00000000e3280000,0x00000000e3280000,0x00000000e3d00000)
 ParOldGen       total 65024K, used 9263K [0x00000000a0000000, 0x00000000a3f80000, 0x00000000e0000000)
  object space 65024K, 14% used [0x00000000a0000000,0x00000000a090bd40,0x00000000a3f80000)
 Metaspace       used 27823K, capacity 28390K, committed 28672K, reserved 1075200K
  class space    used 3634K, capacity 3822K, committed 3840K, reserved 1048576K
}
Event: 12.491 GC heap before
{Heap before GC invocations=8 (full 1):
 PSYoungGen      total 62976K, used 57447K [0x00000000e0000000, 0x00000000e4880000, 0x0000000100000000)
  eden space 51712K, 100% used [0x00000000e0000000,0x00000000e3280000,0x00000000e3280000)
  from space 11264K, 50% used [0x00000000e3d00000,0x00000000e4299e30,0x00000000e4800000)
  to   space 10752K, 0% used [0x00000000e3280000,0x00000000e3280000,0x00000000e3d00000)
 ParOldGen       total 65024K, used 9263K [0x00000000a0000000, 0x00000000a3f80000, 0x00000000e0000000)
  object space 65024K, 14% used [0x00000000a0000000,0x00000000a090bd40,0x00000000a3f80000)
 Metaspace       used 31828K, capacity 32552K, committed 32640K, reserved 1077248K
  class space    used 4244K, capacity 4462K, committed 4480K, reserved 1048576K
Event: 12.506 GC heap after
Heap after GC invocations=8 (full 1):
 PSYoungGen      total 62464K, used 9952K [0x00000000e0000000, 0x00000000e6500000, 0x0000000100000000)
  eden space 51712K, 0% used [0x00000000e0000000,0x00000000e0000000,0x00000000e3280000)
  from space 10752K, 92% used [0x00000000e3280000,0x00000000e3c381d0,0x00000000e3d00000)
  to   space 11776K, 0% used [0x00000000e5980000,0x00000000e5980000,0x00000000e6500000)
 ParOldGen       total 65024K, used 9271K [0x00000000a0000000, 0x00000000a3f80000, 0x00000000e0000000)
  object space 65024K, 14% used [0x00000000a0000000,0x00000000a090dd40,0x00000000a3f80000)
 Metaspace       used 31828K, capacity 32552K, committed 32640K, reserved 1077248K
  class space    used 4244K, capacity 4462K, committed 4480K, reserved 1048576K
}
Event: 13.973 GC heap before
{Heap before GC invocations=9 (full 1):
 PSYoungGen      total 62464K, used 40967K [0x00000000e0000000, 0x00000000e6500000, 0x0000000100000000)
  eden space 51712K, 59% used [0x00000000e0000000,0x00000000e1e49c90,0x00000000e3280000)
  from space 10752K, 92% used [0x00000000e3280000,0x00000000e3c381d0,0x00000000e3d00000)
  to   space 11776K, 0% used [0x00000000e5980000,0x00000000e5980000,0x00000000e6500000)
 ParOldGen       total 65024K, used 9271K [0x00000000a0000000, 0x00000000a3f80000, 0x00000000e0000000)
  object space 65024K, 14% used [0x00000000a0000000,0x00000000a090dd40,0x00000000a3f80000)
 Metaspace       used 34504K, capacity 35464K, committed 35496K, reserved 1079296K
  class space    used 4574K, capacity 4862K, committed 4864K, reserved 1048576K
Event: 13.984 GC heap after
Heap after GC invocations=9 (full 1):
 PSYoungGen      total 90624K, used 10628K [0x00000000e0000000, 0x00000000e6600000, 0x0000000100000000)
  eden space 78848K, 0% used [0x00000000e0000000,0x00000000e0000000,0x00000000e4d00000)
  from space 11776K, 90% used [0x00000000e5980000,0x00000000e63e1218,0x00000000e6500000)
  to   space 12800K, 0% used [0x00000000e4d00000,0x00000000e4d00000,0x00000000e5980000)
 ParOldGen       total 65024K, used 9279K [0x00000000a0000000, 0x00000000a3f80000, 0x00000000e0000000)
  object space 65024K, 14% used [0x00000000a0000000,0x00000000a090fd40,0x00000000a3f80000)
 Metaspace       used 34504K, capacity 35464K, committed 35496K, reserved 1079296K
  class space    used 4574K, capacity 4862K, committed 4864K, reserved 1048576K
}
Event: 13.984 GC heap before
{Heap before GC invocations=10 (full 2):
 PSYoungGen      total 90624K, used 10628K [0x00000000e0000000, 0x00000000e6600000, 0x0000000100000000)
  eden space 78848K, 0% used [0x00000000e0000000,0x00000000e0000000,0x00000000e4d00000)
  from space 11776K, 90% used [0x00000000e5980000,0x00000000e63e1218,0x00000000e6500000)
  to   space 12800K, 0% used [0x00000000e4d00000,0x00000000e4d00000,0x00000000e5980000)
 ParOldGen       total 65024K, used 9279K [0x00000000a0000000, 0x00000000a3f80000, 0x00000000e0000000)
  object space 65024K, 14% used [0x00000000a0000000,0x00000000a090fd40,0x00000000a3f80000)
 Metaspace       used 34504K, capacity 35464K, committed 35496K, reserved 1079296K
  class space    used 4574K, capacity 4862K, committed 4864K, reserved 1048576K
Event: 14.050 GC heap after
Heap after GC invocations=10 (full 2):
 PSYoungGen      total 90624K, used 0K [0x00000000e0000000, 0x00000000e6600000, 0x0000000100000000)
  eden space 78848K, 0% used [0x00000000e0000000,0x00000000e0000000,0x00000000e4d00000)
  from space 11776K, 0% used [0x00000000e5980000,0x00000000e5980000,0x00000000e6500000)
  to   space 12800K, 0% used [0x00000000e4d00000,0x00000000e4d00000,0x00000000e5980000)
 ParOldGen       total 65024K, used 16659K [0x00000000a0000000, 0x00000000a3f80000, 0x00000000e0000000)
  object space 65024K, 25% used [0x00000000a0000000,0x00000000a1044cf8,0x00000000a3f80000)
 Metaspace       used 34438K, capacity 35256K, committed 35496K, reserved 1079296K
  class space    used 4557K, capacity 4814K, committed 4864K, reserved 1048576K
}

