# JRE version: OpenJDK Runtime Environment (8.0_152-b02) (build 1.8.0_152-release-1024-b02)
# Java VM: OpenJDK 64-Bit Server VM (25.152-b02 mixed mode windows-amd64 compressed oops)
Heap:
 PSYoungGen      total 444928K, used 344469K [0x00000000e0000000, 0x00000000ffc00000, 0x0000000100000000)
  eden space 369152K, 85% used [0x00000000e0000000,0x00000000f33e0420,0x00000000f6880000)
  from space 75776K, 38% used [0x00000000f6880000,0x00000000f8505218,0x00000000fb280000)
  to   space 72192K, 0% used [0x00000000fb580000,0x00000000fb580000,0x00000000ffc00000)
 ParOldGen       total 285184K, used 242574K [0x00000000a0000000, 0x00000000b1680000, 0x00000000e0000000)
  object space 285184K, 85% used [0x00000000a0000000,0x00000000aece3b48,0x00000000b1680000)
 Metaspace       used 173926K, capacity 185544K, committed 185688K, reserved 1210368K
  class space    used 21936K, capacity 24401K, committed 24448K, reserved 1048576K
GC Heap History (10 events):
Event: 1804.142 GC heap before
{Heap before GC invocations=42 (full 5):
 PSYoungGen      total 431104K, used 431094K [0x00000000e0000000, 0x0000000100000000, 0x0000000100000000)
  eden space 391168K, 100% used [0x00000000e0000000,0x00000000f7e00000,0x00000000f7e00000)
  from space 39936K, 99% used [0x00000000fd900000,0x00000000ffffd858,0x0000000100000000)
  to   space 66560K, 0% used [0x00000000f7e00000,0x00000000f7e00000,0x00000000fbf00000)
 ParOldGen       total 285184K, used 159505K [0x00000000a0000000, 0x00000000b1680000, 0x00000000e0000000)
  object space 285184K, 55% used [0x00000000a0000000,0x00000000a9bc47a8,0x00000000b1680000)
 Metaspace       used 151110K, capacity 160572K, committed 160728K, reserved 1189888K
  class space    used 18874K, capacity 20872K, committed 20992K, reserved 1048576K
Event: 1804.224 GC heap after
Heap after GC invocations=42 (full 5):
 PSYoungGen      total 451072K, used 59663K [0x00000000e0000000, 0x0000000100000000, 0x0000000100000000)
  eden space 391168K, 0% used [0x00000000e0000000,0x00000000e0000000,0x00000000f7e00000)
  from space 59904K, 99% used [0x00000000f7e00000,0x00000000fb843e78,0x00000000fb880000)
  to   space 73216K, 0% used [0x00000000fb880000,0x00000000fb880000,0x0000000100000000)
 ParOldGen       total 285184K, used 187955K [0x00000000a0000000, 0x00000000b1680000, 0x00000000e0000000)
  object space 285184K, 65% used [0x00000000a0000000,0x00000000ab78cd38,0x00000000b1680000)
 Metaspace       used 151110K, capacity 160572K, committed 160728K, reserved 1189888K
  class space    used 18874K, capacity 20872K, committed 20992K, reserved 1048576K
}
Event: 1805.757 GC heap before
{Heap before GC invocations=43 (full 5):
 PSYoungGen      total 451072K, used 450831K [0x00000000e0000000, 0x0000000100000000, 0x0000000100000000)
  eden space 391168K, 100% used [0x00000000e0000000,0x00000000f7e00000,0x00000000f7e00000)
  from space 59904K, 99% used [0x00000000f7e00000,0x00000000fb843e78,0x00000000fb880000)
  to   space 73216K, 0% used [0x00000000fb880000,0x00000000fb880000,0x0000000100000000)
 ParOldGen       total 285184K, used 187955K [0x00000000a0000000, 0x00000000b1680000, 0x00000000e0000000)
  object space 285184K, 65% used [0x00000000a0000000,0x00000000ab78cd38,0x00000000b1680000)
 Metaspace       used 151157K, capacity 160636K, committed 160984K, reserved 1189888K
  class space    used 18874K, capacity 20872K, committed 20992K, reserved 1048576K
Event: 1805.811 GC heap after
Heap after GC invocations=43 (full 5):
 PSYoungGen      total 439808K, used 48541K [0x00000000e0000000, 0x0000000100000000, 0x0000000100000000)
  eden space 366592K, 0% used [0x00000000e0000000,0x00000000e0000000,0x00000000f6600000)
  from space 73216K, 66% used [0x00000000fb880000,0x00000000fe7e76c0,0x0000000100000000)
  to   space 78848K, 0% used [0x00000000f6600000,0x00000000f6600000,0x00000000fb300000)
 ParOldGen       total 285184K, used 209001K [0x00000000a0000000, 0x00000000b1680000, 0x00000000e0000000)
  object space 285184K, 73% used [0x00000000a0000000,0x00000000acc1a690,0x00000000b1680000)
 Metaspace       used 151157K, capacity 160636K, committed 160984K, reserved 1189888K
  class space    used 18874K, capacity 20872K, committed 20992K, reserved 1048576K
}
Event: 1808.385 GC heap before
{Heap before GC invocations=44 (full 5):
 PSYoungGen      total 439808K, used 415133K [0x00000000e0000000, 0x0000000100000000, 0x0000000100000000)
  eden space 366592K, 100% used [0x00000000e0000000,0x00000000f6600000,0x00000000f6600000)
  from space 73216K, 66% used [0x00000000fb880000,0x00000000fe7e76c0,0x0000000100000000)
  to   space 78848K, 0% used [0x00000000f6600000,0x00000000f6600000,0x00000000fb300000)
 ParOldGen       total 285184K, used 209001K [0x00000000a0000000, 0x00000000b1680000, 0x00000000e0000000)
  object space 285184K, 73% used [0x00000000a0000000,0x00000000acc1a690,0x00000000b1680000)
 Metaspace       used 152004K, capacity 161536K, committed 161752K, reserved 1189888K
  class space    used 19007K, capacity 20978K, committed 20992K, reserved 1048576K
Event: 1808.410 GC heap after
Heap after GC invocations=44 (full 5):
 PSYoungGen      total 445440K, used 16740K [0x00000000e0000000, 0x0000000100000000, 0x0000000100000000)
  eden space 366592K, 0% used [0x00000000e0000000,0x00000000e0000000,0x00000000f6600000)
  from space 78848K, 21% used [0x00000000f6600000,0x00000000f7659398,0x00000000fb300000)
  to   space 76288K, 0% used [0x00000000fb580000,0x00000000fb580000,0x0000000100000000)
 ParOldGen       total 285184K, used 228873K [0x00000000a0000000, 0x00000000b1680000, 0x00000000e0000000)
  object space 285184K, 80% used [0x00000000a0000000,0x00000000adf82708,0x00000000b1680000)
 Metaspace       used 152004K, capacity 161536K, committed 161752K, reserved 1189888K
  class space    used 19007K, capacity 20978K, committed 20992K, reserved 1048576K
}
Event: 1809.465 GC heap before
{Heap before GC invocations=45 (full 5):
 PSYoungGen      total 445440K, used 383312K [0x00000000e0000000, 0x0000000100000000, 0x0000000100000000)
  eden space 366592K, 99% used [0x00000000e0000000,0x00000000f65fae98,0x00000000f6600000)
  from space 78848K, 21% used [0x00000000f6600000,0x00000000f7659398,0x00000000fb300000)
  to   space 76288K, 0% used [0x00000000fb580000,0x00000000fb580000,0x0000000100000000)
 ParOldGen       total 285184K, used 228873K [0x00000000a0000000, 0x00000000b1680000, 0x00000000e0000000)
  object space 285184K, 80% used [0x00000000a0000000,0x00000000adf82708,0x00000000b1680000)
 Metaspace       used 152167K, capacity 161710K, committed 161880K, reserved 1189888K
  class space    used 19013K, capacity 20985K, committed 21120K, reserved 1048576K
Event: 1809.482 GC heap after
Heap after GC invocations=45 (full 5):
 PSYoungGen      total 441856K, used 2321K [0x00000000e0000000, 0x00000000ffc80000, 0x0000000100000000)
  eden space 369152K, 0% used [0x00000000e0000000,0x00000000e0000000,0x00000000f6880000)
  from space 72704K, 3% used [0x00000000fb580000,0x00000000fb7c4500,0x00000000ffc80000)
  to   space 75776K, 0% used [0x00000000f6880000,0x00000000f6880000,0x00000000fb280000)
 ParOldGen       total 285184K, used 242350K [0x00000000a0000000, 0x00000000b1680000, 0x00000000e0000000)
  object space 285184K, 84% used [0x00000000a0000000,0x00000000aecabb28,0x00000000b1680000)
 Metaspace       used 152167K, capacity 161710K, committed 161880K, reserved 1189888K
  class space    used 19013K, capacity 20985K, committed 21120K, reserved 1048576K
}
Event: 2505.706 GC heap before
{Heap before GC invocations=46 (full 5):
 PSYoungGen      total 441856K, used 371473K [0x00000000e0000000, 0x00000000ffc80000, 0x0000000100000000)
  eden space 369152K, 100% used [0x00000000e0000000,0x00000000f6880000,0x00000000f6880000)
  from space 72704K, 3% used [0x00000000fb580000,0x00000000fb7c4500,0x00000000ffc80000)
  to   space 75776K, 0% used [0x00000000f6880000,0x00000000f6880000,0x00000000fb280000)
 ParOldGen       total 285184K, used 242350K [0x00000000a0000000, 0x00000000b1680000, 0x00000000e0000000)
  object space 285184K, 84% used [0x00000000a0000000,0x00000000aecabb28,0x00000000b1680000)
 Metaspace       used 163162K, capacity 173822K, committed 174040K, reserved 1200128K
  class space    used 20506K, capacity 22717K, committed 22784K, reserved 1048576K
Event: 2505.743 GC heap after
Heap after GC invocations=46 (full 5):
 PSYoungGen      total 444928K, used 29204K [0x00000000e0000000, 0x00000000ffc00000, 0x0000000100000000)
  eden space 369152K, 0% used [0x00000000e0000000,0x00000000e0000000,0x00000000f6880000)
  from space 75776K, 38% used [0x00000000f6880000,0x00000000f8505218,0x00000000fb280000)
  to   space 72192K, 0% used [0x00000000fb580000,0x00000000fb580000,0x00000000ffc00000)
 ParOldGen       total 285184K, used 242574K [0x00000000a0000000, 0x00000000b1680000, 0x00000000e0000000)
  object space 285184K, 85% used [0x00000000a0000000,0x00000000aece3b48,0x00000000b1680000)
 Metaspace       used 163162K, capacity 173822K, committed 174040K, reserved 1200128K
  class space    used 20506K, capacity 22717K, committed 22784K, reserved 1048576K
}

